<?xml version="1.0" encoding="UTF-8"?>
<!-- Generated by org.testng.reporters.JUnitReportReporter -->
<testsuite hostname="Karthikas-Air" failures="0" tests="1" name="Runner.TestRunner" time="0.033" errors="1" timestamp="2024-08-16T23:59:00 PDT" skipped="0">
  <testcase classname="Runner.TestRunner" name="runScenario" time="0.033">
    <error message="The step &#039;Set Dietician token&#039; and 3 other step(s) are undefined.
You can implement these steps using the snippet(s) below:

@Given(&quot;Set Dietician token&quot;)
public void set_dietician_token(io.cucumber.datatable.DataTable dataTable) {
    // Write code here that turns the phrase above into concrete actions
    // For automatic transformation, change DataTable to one of
    // E, List&lt;E&gt;, List&lt;List&lt;E&gt;&gt;, List&lt;Map&lt;K,V&gt;&gt;, Map&lt;K,V&gt; or
    // Map&lt;K, List&lt;V&gt;&gt;. E,K,V must be a String, Integer, Float,
    // Double, Byte, Short, Long, BigInteger or BigDecimal.
    //
    // For other transformations you can register a DataTableType.
    throw new io.cucumber.java.PendingException();
}
@Given(&quot;Dietician create GET request&quot;)
public void dietician_create_get_request() {
    // Write code here that turns the phrase above into concrete actions
    throw new io.cucumber.java.PendingException();
}
@When(&quot;Dietician send GET http request with endpoint&quot;)
public void dietician_send_get_http_request_with_endpoint() {
    // Write code here that turns the phrase above into concrete actions
    throw new io.cucumber.java.PendingException();
}
@Then(&quot;Dietician recieves {int} ok with response body&quot;)
public void dietician_recieves_ok_with_response_body(Integer int1) {
    // Write code here that turns the phrase above into concrete actions
    throw new io.cucumber.java.PendingException();
}
" type="io.cucumber.testng.UndefinedStepException">
      <![CDATA[io.cucumber.testng.UndefinedStepException: The step 'Set Dietician token' and 3 other step(s) are undefined.
You can implement these steps using the snippet(s) below:

@Given("Set Dietician token")
public void set_dietician_token(io.cucumber.datatable.DataTable dataTable) {
    // Write code here that turns the phrase above into concrete actions
    // For automatic transformation, change DataTable to one of
    // E, List<E>, List<List<E>>, List<Map<K,V>>, Map<K,V> or
    // Map<K, List<V>>. E,K,V must be a String, Integer, Float,
    // Double, Byte, Short, Long, BigInteger or BigDecimal.
    //
    // For other transformations you can register a DataTableType.
    throw new io.cucumber.java.PendingException();
}
@Given("Dietician create GET request")
public void dietician_create_get_request() {
    // Write code here that turns the phrase above into concrete actions
    throw new io.cucumber.java.PendingException();
}
@When("Dietician send GET http request with endpoint")
public void dietician_send_get_http_request_with_endpoint() {
    // Write code here that turns the phrase above into concrete actions
    throw new io.cucumber.java.PendingException();
}
@Then("Dietician recieves {int} ok with response body")
public void dietician_recieves_ok_with_response_body(Integer int1) {
    // Write code here that turns the phrase above into concrete actions
    throw new io.cucumber.java.PendingException();
}

at io.cucumber.core.runtime.TestCaseResultObserver.assertTestCasePassed(TestCaseResultObserver.java:69)
at io.cucumber.testng.TestCaseResultObserver.assertTestCasePassed(TestCaseResultObserver.java:23)
at io.cucumber.testng.TestNGCucumberRunner.lambda$runScenario$1(TestNGCucumberRunner.java:133)
at io.cucumber.core.runtime.CucumberExecutionContext.lambda$runTestCase$5(CucumberExecutionContext.java:136)
at io.cucumber.core.runtime.RethrowingThrowableCollector.executeAndThrow(RethrowingThrowableCollector.java:23)
at io.cucumber.core.runtime.CucumberExecutionContext.runTestCase(CucumberExecutionContext.java:136)
at io.cucumber.testng.TestNGCucumberRunner.runScenario(TestNGCucumberRunner.java:129)
at io.cucumber.testng.AbstractTestNGCucumberTests.runScenario(AbstractTestNGCucumberTests.java:35)
at java.base/jdk.internal.reflect.DirectMethodHandleAccessor.invoke(DirectMethodHandleAccessor.java:103)
at java.base/java.lang.reflect.Method.invoke(Method.java:580)
at org.testng.internal.invokers.MethodInvocationHelper.invokeMethod(MethodInvocationHelper.java:141)
at org.testng.internal.invokers.TestInvoker.invokeMethod(TestInvoker.java:686)
at org.testng.internal.invokers.TestInvoker.invokeTestMethod(TestInvoker.java:230)
at org.testng.internal.invokers.TestMethodWithDataProviderMethodWorker.call(TestMethodWithDataProviderMethodWorker.java:81)
at org.testng.internal.thread.Async$AsyncTask.run(Async.java:34)
at java.base/java.util.concurrent.ThreadPoolExecutor.runWorker(ThreadPoolExecutor.java:1144)
at java.base/java.util.concurrent.ThreadPoolExecutor$Worker.run(ThreadPoolExecutor.java:642)
at java.base/java.lang.Thread.run(Thread.java:1583)
]]>
    </error>
  </testcase> <!-- runScenario -->
</testsuite> <!-- Runner.TestRunner -->
